{
  "stats": {
    "suites": 4,
    "tests": 10,
    "passes": 8,
    "pending": 0,
    "failures": 2,
    "start": "2020-12-14T19:22:06.263Z",
    "end": "2020-12-14T19:41:57.569Z",
    "duration": 26386,
    "testsRegistered": 10,
    "passPercent": 80,
    "pendingPercent": 0,
    "other": 0,
    "hasOther": false,
    "skipped": 0,
    "hasSkipped": false
  },
  "results": [
    {
      "uuid": "743fec80-a91d-47d2-bb80-61c70d820cdc",
      "title": "",
      "fullFile": "cypress\\integration\\searchSucces.spec.js",
      "file": "cypress\\integration\\searchSucces.spec.js",
      "beforeHooks": [],
      "afterHooks": [],
      "tests": [],
      "suites": [
        {
          "uuid": "bbbd6ed4-724e-4f1a-a39e-b94b07454087",
          "title": "Google success search",
          "fullFile": "",
          "file": "",
          "beforeHooks": [],
          "afterHooks": [],
          "tests": [
            {
              "title": "Successfully loads Google.com",
              "fullTitle": "Google success search Successfully loads Google.com",
              "timedOut": null,
              "duration": 1414,
              "state": "passed",
              "speed": "slow",
              "pass": true,
              "fail": false,
              "pending": false,
              "context": "\"videos/searchSucces.spec.js.mp4\"",
              "code": "cy.visit(\"https://www.google.com\");",
              "err": {},
              "uuid": "7590dd77-e44f-4aed-a6e5-55f12415254c",
              "parentUUID": "bbbd6ed4-724e-4f1a-a39e-b94b07454087",
              "isHook": false,
              "skipped": false
            },
            {
              "title": "Search for a video",
              "fullTitle": "Google success search Search for a video",
              "timedOut": null,
              "duration": 3200,
              "state": "passed",
              "speed": "slow",
              "pass": true,
              "fail": false,
              "pending": false,
              "context": "\"videos/searchSucces.spec.js.mp4\"",
              "code": "cy.get('[name=\"q\"]').type(\"never gonna give you up youtube\").should(\"have.value\", \"never gonna give you up youtube\").type(\"{enter}\");",
              "err": {},
              "uuid": "4e33a298-3bd7-41cf-9915-85e90dd61b4c",
              "parentUUID": "bbbd6ed4-724e-4f1a-a39e-b94b07454087",
              "isHook": false,
              "skipped": false
            }
          ],
          "suites": [],
          "passes": [
            "7590dd77-e44f-4aed-a6e5-55f12415254c",
            "4e33a298-3bd7-41cf-9915-85e90dd61b4c"
          ],
          "failures": [],
          "pending": [],
          "skipped": [],
          "duration": 4614,
          "root": false,
          "rootEmpty": false,
          "_timeout": 2000
        }
      ],
      "passes": [],
      "failures": [],
      "pending": [],
      "skipped": [],
      "duration": 0,
      "root": true,
      "rootEmpty": true,
      "_timeout": 2000
    },
    {
      "uuid": "1e4c6863-1fde-4a81-a2a7-c55d4147ea1b",
      "title": "",
      "fullFile": "cypress\\integration\\searchFailure.spec.js",
      "file": "cypress\\integration\\searchFailure.spec.js",
      "beforeHooks": [],
      "afterHooks": [],
      "tests": [],
      "suites": [
        {
          "uuid": "cef4e40d-efdb-4a75-a335-3aac9249502e",
          "title": "Google fail search",
          "fullFile": "",
          "file": "",
          "beforeHooks": [],
          "afterHooks": [],
          "tests": [
            {
              "title": "Successfully loads Google.com",
              "fullTitle": "Google fail search Successfully loads Google.com",
              "timedOut": null,
              "duration": 1844,
              "state": "passed",
              "speed": "slow",
              "pass": true,
              "fail": false,
              "pending": false,
              "context": "\"videos/searchFailure.spec.js.mp4\"",
              "code": "cy.visit(\"https://www.google.com\");",
              "err": {},
              "uuid": "f3952d7f-eda2-4108-b9d6-93fadc21f013",
              "parentUUID": "cef4e40d-efdb-4a75-a335-3aac9249502e",
              "isHook": false,
              "skipped": false
            },
            {
              "title": "Search for something strange",
              "fullTitle": "Google fail search Search for something strange",
              "timedOut": null,
              "duration": 2285,
              "state": "passed",
              "speed": "slow",
              "pass": true,
              "fail": false,
              "pending": false,
              "context": "\"videos/searchFailure.spec.js.mp4\"",
              "code": "cy.get('[name=\"q\"]').type(\"anqqaxc a57k2..\").should(\"have.value\", \"anqqaxc a57k2..\").type(\"{enter}\");",
              "err": {},
              "uuid": "29b5803d-ec82-4139-a1c8-b3667168c9dc",
              "parentUUID": "cef4e40d-efdb-4a75-a335-3aac9249502e",
              "isHook": false,
              "skipped": false
            },
            {
              "title": "Expect more than 1000 results",
              "fullTitle": "Google fail search Expect more than 1000 results",
              "timedOut": null,
              "duration": 4338,
              "state": "failed",
              "speed": null,
              "pass": false,
              "fail": true,
              "pending": false,
              "context": "\"videos/searchFailure.spec.js.mp4\"",
              "code": "cy.get('[id=\"result-stats\"]').contains(\"100 results\");",
              "err": {
                "message": "AssertionError: Timed out retrying: Expected to find content: '100 results' within the element: <div#result-stats> but never did.",
                "estack": "AssertionError: Timed out retrying: Expected to find content: '100 results' within the element: <div#result-stats> but never did.\nAssertionError: Expected to find element: `:not(script,style):cy-contains('100 results'), [type='submit'][value~='100 results']`, but never found it.\n    at ensureExistence (https://www.google.com/__cypress/runner/cypress_runner.js:137438:32)\n    at Object.ensureElExistence (https://www.google.com/__cypress/runner/cypress_runner.js:137456:12)\n    at ensureExistence (https://www.google.com/__cypress/runner/cypress_runner.js:127861:23)\n    at onFailFn (https://www.google.com/__cypress/runner/cypress_runner.js:127899:9)\n    at tryCatcher (https://www.google.com/__cypress/runner/cypress_runner.js:9059:23)\n    at Promise._settlePromiseFromHandler (https://www.google.com/__cypress/runner/cypress_runner.js:6994:31)\n    at Promise._settlePromise (https://www.google.com/__cypress/runner/cypress_runner.js:7051:18)\n    at Promise._settlePromise0 (https://www.google.com/__cypress/runner/cypress_runner.js:7096:10)\n    at Promise._settlePromises (https://www.google.com/__cypress/runner/cypress_runner.js:7172:18)\n    at _drainQueueStep (https://www.google.com/__cypress/runner/cypress_runner.js:3766:12)\n    at _drainQueue (https://www.google.com/__cypress/runner/cypress_runner.js:3759:9)\n    at Async.../../node_modules/bluebird/js/release/async.js.Async._drainQueues (https://www.google.com/__cypress/runner/cypress_runner.js:3775:5)\n    at Async.drainQueues (https://www.google.com/__cypress/runner/cypress_runner.js:3645:14)",
                "diff": null
              },
              "uuid": "3ad0b3a5-1818-4588-b7c3-f0bc06f26c72",
              "parentUUID": "cef4e40d-efdb-4a75-a335-3aac9249502e",
              "isHook": false,
              "skipped": false
            }
          ],
          "suites": [],
          "passes": [
            "f3952d7f-eda2-4108-b9d6-93fadc21f013",
            "29b5803d-ec82-4139-a1c8-b3667168c9dc"
          ],
          "failures": [
            "3ad0b3a5-1818-4588-b7c3-f0bc06f26c72"
          ],
          "pending": [],
          "skipped": [],
          "duration": 8467,
          "root": false,
          "rootEmpty": false,
          "_timeout": 2000
        }
      ],
      "passes": [],
      "failures": [],
      "pending": [],
      "skipped": [],
      "duration": 0,
      "root": true,
      "rootEmpty": true,
      "_timeout": 2000
    },
    {
      "uuid": "a1bf4eb3-9584-414f-bad6-cdd4aa6a189e",
      "title": "",
      "fullFile": "cypress\\integration\\searchSucces.spec.js",
      "file": "cypress\\integration\\searchSucces.spec.js",
      "beforeHooks": [],
      "afterHooks": [],
      "tests": [],
      "suites": [
        {
          "uuid": "117b6267-5d94-4d6a-8979-467e82bbb004",
          "title": "Google success search",
          "fullFile": "",
          "file": "",
          "beforeHooks": [],
          "afterHooks": [],
          "tests": [
            {
              "title": "Successfully loads Google.com",
              "fullTitle": "Google success search Successfully loads Google.com",
              "timedOut": null,
              "duration": 1432,
              "state": "passed",
              "speed": "slow",
              "pass": true,
              "fail": false,
              "pending": false,
              "context": "\"videos/searchSucces.spec.js.mp4\"",
              "code": "cy.visit(\"https://www.google.com\");",
              "err": {},
              "uuid": "1e79f57f-b44e-431f-b525-e7dc767c044a",
              "parentUUID": "117b6267-5d94-4d6a-8979-467e82bbb004",
              "isHook": false,
              "skipped": false
            },
            {
              "title": "Search for a video",
              "fullTitle": "Google success search Search for a video",
              "timedOut": null,
              "duration": 3242,
              "state": "passed",
              "speed": "slow",
              "pass": true,
              "fail": false,
              "pending": false,
              "context": "\"videos/searchSucces.spec.js.mp4\"",
              "code": "cy.get('[name=\"q\"]').type(\"never gonna give you up youtube\").should(\"have.value\", \"never gonna give you up youtube\").type(\"{enter}\");",
              "err": {},
              "uuid": "94fc5a73-7cab-4eb5-84ae-abe00b5b3b75",
              "parentUUID": "117b6267-5d94-4d6a-8979-467e82bbb004",
              "isHook": false,
              "skipped": false
            }
          ],
          "suites": [],
          "passes": [
            "1e79f57f-b44e-431f-b525-e7dc767c044a",
            "94fc5a73-7cab-4eb5-84ae-abe00b5b3b75"
          ],
          "failures": [],
          "pending": [],
          "skipped": [],
          "duration": 4674,
          "root": false,
          "rootEmpty": false,
          "_timeout": 2000
        }
      ],
      "passes": [],
      "failures": [],
      "pending": [],
      "skipped": [],
      "duration": 0,
      "root": true,
      "rootEmpty": true,
      "_timeout": 2000
    },
    {
      "uuid": "4ceacccc-32c2-4079-a64a-eafffd09f44e",
      "title": "",
      "fullFile": "cypress\\integration\\searchFailure.spec.js",
      "file": "cypress\\integration\\searchFailure.spec.js",
      "beforeHooks": [],
      "afterHooks": [],
      "tests": [],
      "suites": [
        {
          "uuid": "9592e0a2-af73-434b-b9c7-77106179eede",
          "title": "Google fail search",
          "fullFile": "",
          "file": "",
          "beforeHooks": [],
          "afterHooks": [],
          "tests": [
            {
              "title": "Successfully loads Google.com",
              "fullTitle": "Google fail search Successfully loads Google.com",
              "timedOut": null,
              "duration": 2720,
              "state": "passed",
              "speed": "slow",
              "pass": true,
              "fail": false,
              "pending": false,
              "context": "\"videos/searchFailure.spec.js.mp4\"",
              "code": "cy.visit(\"https://www.google.com\");",
              "err": {},
              "uuid": "b9a2be2c-0237-4c6f-889f-8cbc56da5aa8",
              "parentUUID": "9592e0a2-af73-434b-b9c7-77106179eede",
              "isHook": false,
              "skipped": false
            },
            {
              "title": "Search for something strange",
              "fullTitle": "Google fail search Search for something strange",
              "timedOut": null,
              "duration": 1582,
              "state": "passed",
              "speed": "slow",
              "pass": true,
              "fail": false,
              "pending": false,
              "context": "\"videos/searchFailure.spec.js.mp4\"",
              "code": "cy.get('[name=\"q\"]').type(\"anqqaxc a57k2..\").should(\"have.value\", \"anqqaxc a57k2..\").type(\"{enter}\");",
              "err": {},
              "uuid": "7ba15335-af6b-4e03-8cbf-2d58120ca54e",
              "parentUUID": "9592e0a2-af73-434b-b9c7-77106179eede",
              "isHook": false,
              "skipped": false
            },
            {
              "title": "Expect more than 1000 results",
              "fullTitle": "Google fail search Expect more than 1000 results",
              "timedOut": null,
              "duration": 4329,
              "state": "failed",
              "speed": null,
              "pass": false,
              "fail": true,
              "pending": false,
              "context": "\"videos/searchFailure.spec.js.mp4\"",
              "code": "cy.get('[id=\"result-stats\"]').contains(\"100 results\");",
              "err": {
                "message": "AssertionError: Timed out retrying: Expected to find content: '100 results' within the element: <div#result-stats> but never did.",
                "estack": "AssertionError: Timed out retrying: Expected to find content: '100 results' within the element: <div#result-stats> but never did.\nAssertionError: Expected to find element: `:not(script,style):cy-contains('100 results'), [type='submit'][value~='100 results']`, but never found it.\n    at ensureExistence (https://www.google.com/__cypress/runner/cypress_runner.js:137438:32)\n    at Object.ensureElExistence (https://www.google.com/__cypress/runner/cypress_runner.js:137456:12)\n    at ensureExistence (https://www.google.com/__cypress/runner/cypress_runner.js:127861:23)\n    at onFailFn (https://www.google.com/__cypress/runner/cypress_runner.js:127899:9)\n    at tryCatcher (https://www.google.com/__cypress/runner/cypress_runner.js:9059:23)\n    at Promise._settlePromiseFromHandler (https://www.google.com/__cypress/runner/cypress_runner.js:6994:31)\n    at Promise._settlePromise (https://www.google.com/__cypress/runner/cypress_runner.js:7051:18)\n    at Promise._settlePromise0 (https://www.google.com/__cypress/runner/cypress_runner.js:7096:10)\n    at Promise._settlePromises (https://www.google.com/__cypress/runner/cypress_runner.js:7172:18)\n    at _drainQueueStep (https://www.google.com/__cypress/runner/cypress_runner.js:3766:12)\n    at _drainQueue (https://www.google.com/__cypress/runner/cypress_runner.js:3759:9)\n    at Async.../../node_modules/bluebird/js/release/async.js.Async._drainQueues (https://www.google.com/__cypress/runner/cypress_runner.js:3775:5)\n    at Async.drainQueues (https://www.google.com/__cypress/runner/cypress_runner.js:3645:14)",
                "diff": null
              },
              "uuid": "8a0011ec-bbe2-4ad2-8ef0-0ec70d4bb80a",
              "parentUUID": "9592e0a2-af73-434b-b9c7-77106179eede",
              "isHook": false,
              "skipped": false
            }
          ],
          "suites": [],
          "passes": [
            "b9a2be2c-0237-4c6f-889f-8cbc56da5aa8",
            "7ba15335-af6b-4e03-8cbf-2d58120ca54e"
          ],
          "failures": [
            "8a0011ec-bbe2-4ad2-8ef0-0ec70d4bb80a"
          ],
          "pending": [],
          "skipped": [],
          "duration": 8631,
          "root": false,
          "rootEmpty": false,
          "_timeout": 2000
        }
      ],
      "passes": [],
      "failures": [],
      "pending": [],
      "skipped": [],
      "duration": 0,
      "root": true,
      "rootEmpty": true,
      "_timeout": 2000
    }
  ],
  "meta": {
    "mocha": {
      "version": "8.2.1"
    },
    "mochawesome": {
      "options": {
        "quiet": false,
        "reportFilename": "mochawesome",
        "saveHtml": false,
        "saveJson": true,
        "consoleReporter": "spec",
        "useInlineDiffs": false,
        "code": true
      },
      "version": "6.2.1"
    },
    "marge": {
      "options": {
        "id": "default",
        "reportDir": "cypress/results/json",
        "overwrite": false,
        "html": false,
        "json": true
      },
      "version": "5.1.0"
    }
  }
}