{
  "stats": {
    "suites": 2,
    "tests": 5,
    "passes": 4,
    "pending": 0,
    "failures": 1,
    "start": "2020-12-17T18:34:03.940Z",
    "end": "2020-12-17T18:34:24.317Z",
    "duration": 10992,
    "testsRegistered": 5,
    "passPercent": 80,
    "pendingPercent": 0,
    "other": 0,
    "hasOther": false,
    "skipped": 0,
    "hasSkipped": false
  },
  "results": [
    {
      "uuid": "aaa50b69-21b5-42d7-99f2-70a8e49e2fed",
      "title": "",
      "fullFile": "cypress/integration/searchFailure.spec.js",
      "file": "cypress/integration/searchFailure.spec.js",
      "beforeHooks": [],
      "afterHooks": [],
      "tests": [],
      "suites": [
        {
          "uuid": "bf21d09e-0905-420a-8f65-bbf445887f06",
          "title": "Google fail search",
          "fullFile": "",
          "file": "",
          "beforeHooks": [],
          "afterHooks": [],
          "tests": [
            {
              "title": "Successfully loads Google.com",
              "fullTitle": "Google fail search Successfully loads Google.com",
              "timedOut": null,
              "duration": 1418,
              "state": "passed",
              "speed": "slow",
              "pass": true,
              "fail": false,
              "pending": false,
              "context": "\"videos/searchFailure.spec.js.mp4\"",
              "code": "cy.visit(\"https://www.google.com\");",
              "err": {},
              "uuid": "a184ee80-f4a4-4e58-81ac-126ea46e8c6c",
              "parentUUID": "bf21d09e-0905-420a-8f65-bbf445887f06",
              "isHook": false,
              "skipped": false
            },
            {
              "title": "Search for something strange",
              "fullTitle": "Google fail search Search for something strange",
              "timedOut": null,
              "duration": 1201,
              "state": "passed",
              "speed": "slow",
              "pass": true,
              "fail": false,
              "pending": false,
              "context": "\"videos/searchFailure.spec.js.mp4\"",
              "code": "cy.get('[name=\"q\"]').type(\"anqqaxc a57k2..\").should(\"have.value\", \"anqqaxc a57k2..\").type(\"{enter}\");",
              "err": {},
              "uuid": "2bb512db-4179-47ba-a2db-2014ec390508",
              "parentUUID": "bf21d09e-0905-420a-8f65-bbf445887f06",
              "isHook": false,
              "skipped": false
            },
            {
              "title": "Expect more than 1000 results",
              "fullTitle": "Google fail search Expect more than 1000 results",
              "timedOut": null,
              "duration": 4254,
              "state": "failed",
              "speed": null,
              "pass": false,
              "fail": true,
              "pending": false,
              "context": "\"videos/searchFailure.spec.js.mp4\"",
              "code": "cy.get('[id=\"result-stats\"]').contains(\"100 results\");",
              "err": {
                "message": "AssertionError: Timed out retrying: Expected to find content: '100 results' within the element: <div#result-stats> but never did.",
                "estack": "AssertionError: Timed out retrying: Expected to find content: '100 results' within the element: <div#result-stats> but never did.\nAssertionError: Expected to find element: `:not(script,style):cy-contains('100 results'), [type='submit'][value~='100 results']`, but never found it.\n    at ensureExistence (https://www.google.com/__cypress/runner/cypress_runner.js:137438:32)\n    at Object.ensureElExistence (https://www.google.com/__cypress/runner/cypress_runner.js:137456:12)\n    at ensureExistence (https://www.google.com/__cypress/runner/cypress_runner.js:127861:23)\n    at onFailFn (https://www.google.com/__cypress/runner/cypress_runner.js:127899:9)\n    at tryCatcher (https://www.google.com/__cypress/runner/cypress_runner.js:9059:23)\n    at Promise._settlePromiseFromHandler (https://www.google.com/__cypress/runner/cypress_runner.js:6994:31)\n    at Promise._settlePromise (https://www.google.com/__cypress/runner/cypress_runner.js:7051:18)\n    at Promise._settlePromise0 (https://www.google.com/__cypress/runner/cypress_runner.js:7096:10)\n    at Promise._settlePromises (https://www.google.com/__cypress/runner/cypress_runner.js:7172:18)\n    at _drainQueueStep (https://www.google.com/__cypress/runner/cypress_runner.js:3766:12)\n    at _drainQueue (https://www.google.com/__cypress/runner/cypress_runner.js:3759:9)\n    at Async.../../node_modules/bluebird/js/release/async.js.Async._drainQueues (https://www.google.com/__cypress/runner/cypress_runner.js:3775:5)\n    at Async.drainQueues (https://www.google.com/__cypress/runner/cypress_runner.js:3645:14)",
                "diff": null
              },
              "uuid": "34621f5e-4aa6-434a-a34d-480f99d5060b",
              "parentUUID": "bf21d09e-0905-420a-8f65-bbf445887f06",
              "isHook": false,
              "skipped": false
            }
          ],
          "suites": [],
          "passes": [
            "a184ee80-f4a4-4e58-81ac-126ea46e8c6c",
            "2bb512db-4179-47ba-a2db-2014ec390508"
          ],
          "failures": [
            "34621f5e-4aa6-434a-a34d-480f99d5060b"
          ],
          "pending": [],
          "skipped": [],
          "duration": 6873,
          "root": false,
          "rootEmpty": false,
          "_timeout": 2000
        }
      ],
      "passes": [],
      "failures": [],
      "pending": [],
      "skipped": [],
      "duration": 0,
      "root": true,
      "rootEmpty": true,
      "_timeout": 2000
    },
    {
      "uuid": "1c7c10cd-a77c-4694-9db0-f6ede4716b65",
      "title": "",
      "fullFile": "cypress/integration/searchSucces.spec.js",
      "file": "cypress/integration/searchSucces.spec.js",
      "beforeHooks": [],
      "afterHooks": [],
      "tests": [],
      "suites": [
        {
          "uuid": "50bac25a-bb28-4945-8bf0-98e67ea78691",
          "title": "Google success search",
          "fullFile": "",
          "file": "",
          "beforeHooks": [],
          "afterHooks": [],
          "tests": [
            {
              "title": "Successfully loads Google.com",
              "fullTitle": "Google success search Successfully loads Google.com",
              "timedOut": null,
              "duration": 993,
              "state": "passed",
              "speed": "slow",
              "pass": true,
              "fail": false,
              "pending": false,
              "context": "\"videos/searchSucces.spec.js.mp4\"",
              "code": "cy.visit(\"https://www.google.com\");",
              "err": {},
              "uuid": "062c5967-6b6f-491f-adcb-de5ca0d5ff94",
              "parentUUID": "50bac25a-bb28-4945-8bf0-98e67ea78691",
              "isHook": false,
              "skipped": false
            },
            {
              "title": "Search for a video",
              "fullTitle": "Google success search Search for a video",
              "timedOut": null,
              "duration": 3126,
              "state": "passed",
              "speed": "slow",
              "pass": true,
              "fail": false,
              "pending": false,
              "context": "\"videos/searchSucces.spec.js.mp4\"",
              "code": "cy.get('[name=\"q\"]').type(\"never gonna give you up youtube\").should(\"have.value\", \"never gonna give you up youtube\").type(\"{enter}\");",
              "err": {},
              "uuid": "9636be58-64c7-4518-808c-b063d254890f",
              "parentUUID": "50bac25a-bb28-4945-8bf0-98e67ea78691",
              "isHook": false,
              "skipped": false
            }
          ],
          "suites": [],
          "passes": [
            "062c5967-6b6f-491f-adcb-de5ca0d5ff94",
            "9636be58-64c7-4518-808c-b063d254890f"
          ],
          "failures": [],
          "pending": [],
          "skipped": [],
          "duration": 4119,
          "root": false,
          "rootEmpty": false,
          "_timeout": 2000
        }
      ],
      "passes": [],
      "failures": [],
      "pending": [],
      "skipped": [],
      "duration": 0,
      "root": true,
      "rootEmpty": true,
      "_timeout": 2000
    }
  ],
  "meta": {
    "mocha": {
      "version": "8.2.1"
    },
    "mochawesome": {
      "options": {
        "quiet": false,
        "reportFilename": "mochawesome",
        "saveHtml": false,
        "saveJson": true,
        "consoleReporter": "spec",
        "useInlineDiffs": false,
        "code": true
      },
      "version": "6.2.1"
    },
    "marge": {
      "options": {
        "id": "default",
        "reportDir": "cypress/results/json",
        "overwrite": false,
        "html": false,
        "json": true
      },
      "version": "5.1.0"
    }
  }
}